<?xml version="1.0" encoding="UTF-8"?>
<!-- Generated by org.testng.reporters.JUnitXMLReporter -->
<testsuite ignored="0" hostname="Hp" failures="1" tests="2" name="Navigation Tests" time="9.136" errors="0" timestamp="2025-03-19T23:03:38 IST">
  <testcase classname="io.cucumber.testng.AbstractTestNGCucumberTests" name="runScenario" time="6.049"/>
  <testcase classname="io.cucumber.testng.AbstractTestNGCucumberTests" name="runScenario" time="2.556">
    <failure type="java.lang.AssertionError" message="Home page not loaded properly. Actual title:  expected [true] but found [false]">
      <![CDATA[java.lang.AssertionError: Home page not loaded properly. Actual title:  expected [true] but found [false]
at StepDefinition.NavigationStep.i_am_on_the_home_page(NavigationStep.java:56)
at âœ½.I am on the home page(file:///C:/Users/hp5cd/eclipse-workspace/CWProjectSelenium/src/test/resources/Feature_File/Navigation.feature:9)
... Removed 3 stack frames]]>
    </failure>
  </testcase> <!-- runScenario -->
</testsuite> <!-- Navigation Tests -->
