<?xml version="1.0" encoding="UTF-8"?>
<!-- Generated by org.testng.reporters.JUnitReportReporter -->
<testsuite hostname="Hp" failures="1" tests="2" name="TestRunner.NavigationTest" time="10.962" errors="0" timestamp="2025-03-19T23:08:55 IST" skipped="0">
  <testcase classname="TestRunner.NavigationTest" name="runScenario" time="7.921"/>
  <testcase classname="TestRunner.NavigationTest" name="runScenario" time="3.041">
    <failure message="Home page not loaded." type="java.lang.AssertionError">
      <![CDATA[java.lang.AssertionError: Home page not loaded.
at org.testng.Assert.fail(Assert.java:111)
at StepDefinition.NavigationStep.i_am_on_the_home_page(NavigationStep.java:70)
at âœ½.I am on the home page(file:///C:/Users/hp5cd/eclipse-workspace/CWProjectSelenium/src/test/resources/Feature_File/Navigation.feature:9)
]]>
    </failure>
  </testcase> <!-- runScenario -->
</testsuite> <!-- TestRunner.NavigationTest -->
